TN:
SF:src/index.tsx
FNF:0
FNH:0
DA:7,0
DA:8,0
DA:11,0
LF:3
LH:0
BRDA:7,0,0,0
BRDA:7,0,1,0
BRDA:7,1,0,0
BRDA:7,1,1,0
BRF:4
BRH:0
end_of_record
TN:
SF:src/auth/authProvider.tsx
FN:11,apiRequest
FN:23,(anonymous_1)
FN:39,canAccess
FN:252,localStorageInsertion
FN:268,(anonymous_4)
FN:294,(anonymous_5)
FN:318,(anonymous_6)
FN:327,(anonymous_7)
FN:335,(anonymous_8)
FN:345,(anonymous_9)
FN:382,(anonymous_10)
FN:407,(anonymous_11)
FN:413,(anonymous_12)
FN:420,(anonymous_13)
FN:422,(anonymous_14)
FNF:15
FNH:0
FNDA:0,apiRequest
FNDA:0,(anonymous_1)
FNDA:0,canAccess
FNDA:0,localStorageInsertion
FNDA:0,(anonymous_4)
FNDA:0,(anonymous_5)
FNDA:0,(anonymous_6)
FNDA:0,(anonymous_7)
FNDA:0,(anonymous_8)
FNDA:0,(anonymous_9)
FNDA:0,(anonymous_10)
FNDA:0,(anonymous_11)
FNDA:0,(anonymous_12)
FNDA:0,(anonymous_13)
FNDA:0,(anonymous_14)
DA:4,0
DA:12,0
DA:13,0
DA:14,0
DA:22,0
DA:23,0
DA:24,0
DA:27,0
DA:28,0
DA:31,0
DA:34,0
DA:46,0
DA:49,0
DA:52,0
DA:53,0
DA:55,0
DA:61,0
DA:63,0
DA:64,0
DA:67,0
DA:68,0
DA:71,0
DA:72,0
DA:73,0
DA:74,0
DA:75,0
DA:76,0
DA:77,0
DA:79,0
DA:83,0
DA:84,0
DA:85,0
DA:86,0
DA:87,0
DA:88,0
DA:89,0
DA:90,0
DA:94,0
DA:95,0
DA:99,0
DA:108,0
DA:109,0
DA:113,0
DA:114,0
DA:117,0
DA:118,0
DA:121,0
DA:122,0
DA:123,0
DA:124,0
DA:125,0
DA:126,0
DA:127,0
DA:128,0
DA:132,0
DA:133,0
DA:134,0
DA:135,0
DA:136,0
DA:137,0
DA:138,0
DA:139,0
DA:143,0
DA:144,0
DA:145,0
DA:146,0
DA:147,0
DA:148,0
DA:149,0
DA:150,0
DA:154,0
DA:156,0
DA:162,0
DA:164,0
DA:165,0
DA:168,0
DA:169,0
DA:172,0
DA:173,0
DA:174,0
DA:175,0
DA:176,0
DA:177,0
DA:178,0
DA:179,0
DA:183,0
DA:184,0
DA:185,0
DA:186,0
DA:187,0
DA:188,0
DA:189,0
DA:190,0
DA:194,0
DA:195,0
DA:196,0
DA:197,0
DA:198,0
DA:199,0
DA:200,0
DA:201,0
DA:205,0
DA:207,0
DA:213,0
DA:215,0
DA:218,0
DA:221,0
DA:224,0
DA:225,0
DA:228,0
DA:239,0
DA:243,0
DA:246,0
DA:249,0
DA:253,0
DA:254,0
DA:255,0
DA:257,0
DA:258,0
DA:260,0
DA:261,0
DA:263,0
DA:264,0
DA:267,0
DA:271,0
DA:272,0
DA:273,0
DA:275,0
DA:277,0
DA:278,0
DA:285,0
DA:287,0
DA:289,0
DA:290,0
DA:301,0
DA:303,0
DA:304,0
DA:309,0
DA:311,0
DA:313,0
DA:314,0
DA:319,0
DA:320,0
DA:321,0
DA:322,0
DA:323,0
DA:324,0
DA:328,0
DA:329,0
DA:330,0
DA:332,0
DA:336,0
DA:337,0
DA:339,0
DA:340,0
DA:342,0
DA:346,0
DA:347,0
DA:348,0
DA:349,0
DA:352,0
DA:358,0
DA:365,0
DA:366,0
DA:367,0
DA:369,0
DA:370,0
DA:373,0
DA:383,0
DA:384,0
DA:386,0
DA:397,0
DA:398,0
DA:399,0
DA:401,0
DA:404,0
DA:408,0
DA:413,0
DA:414,0
DA:415,0
DA:420,0
DA:421,0
DA:422,0
DA:423,0
DA:428,0
LF:185
LH:0
BRDA:4,0,0,0
BRDA:4,0,1,0
BRDA:11,1,0,0
BRDA:18,2,0,0
BRDA:18,2,1,0
BRDA:22,3,0,0
BRDA:22,3,1,0
BRDA:24,4,0,0
BRDA:24,4,1,0
BRDA:27,5,0,0
BRDA:27,5,1,0
BRDA:46,6,0,0
BRDA:46,6,1,0
BRDA:49,7,0,0
BRDA:49,7,1,0
BRDA:53,8,0,0
BRDA:53,8,1,0
BRDA:61,9,0,0
BRDA:61,9,1,0
BRDA:63,10,0,0
BRDA:63,10,1,0
BRDA:63,11,0,0
BRDA:63,11,1,0
BRDA:64,12,0,0
BRDA:64,12,1,0
BRDA:64,13,0,0
BRDA:64,13,1,0
BRDA:67,14,0,0
BRDA:67,14,1,0
BRDA:67,15,0,0
BRDA:67,15,1,0
BRDA:68,16,0,0
BRDA:68,16,1,0
BRDA:68,17,0,0
BRDA:68,17,1,0
BRDA:71,18,0,0
BRDA:71,18,1,0
BRDA:72,19,0,0
BRDA:72,19,1,0
BRDA:73,20,0,0
BRDA:73,20,1,0
BRDA:74,21,0,0
BRDA:74,21,1,0
BRDA:75,22,0,0
BRDA:75,22,1,0
BRDA:76,23,0,0
BRDA:76,23,1,0
BRDA:77,24,0,0
BRDA:77,24,1,0
BRDA:83,25,0,0
BRDA:83,25,1,0
BRDA:84,26,0,0
BRDA:84,26,1,0
BRDA:85,27,0,0
BRDA:85,27,1,0
BRDA:86,28,0,0
BRDA:86,28,1,0
BRDA:87,29,0,0
BRDA:87,29,1,0
BRDA:88,30,0,0
BRDA:88,30,1,0
BRDA:89,31,0,0
BRDA:89,31,1,0
BRDA:94,32,0,0
BRDA:94,32,1,0
BRDA:94,33,0,0
BRDA:94,33,1,0
BRDA:108,34,0,0
BRDA:108,34,1,0
BRDA:113,35,0,0
BRDA:113,35,1,0
BRDA:113,36,0,0
BRDA:113,36,1,0
BRDA:114,37,0,0
BRDA:114,37,1,0
BRDA:114,38,0,0
BRDA:114,38,1,0
BRDA:117,39,0,0
BRDA:117,39,1,0
BRDA:117,40,0,0
BRDA:117,40,1,0
BRDA:118,41,0,0
BRDA:118,41,1,0
BRDA:118,42,0,0
BRDA:118,42,1,0
BRDA:121,43,0,0
BRDA:121,43,1,0
BRDA:122,44,0,0
BRDA:122,44,1,0
BRDA:123,45,0,0
BRDA:123,45,1,0
BRDA:124,46,0,0
BRDA:124,46,1,0
BRDA:125,47,0,0
BRDA:125,47,1,0
BRDA:126,48,0,0
BRDA:126,48,1,0
BRDA:127,49,0,0
BRDA:127,49,1,0
BRDA:132,50,0,0
BRDA:132,50,1,0
BRDA:133,51,0,0
BRDA:133,51,1,0
BRDA:134,52,0,0
BRDA:134,52,1,0
BRDA:135,53,0,0
BRDA:135,53,1,0
BRDA:136,54,0,0
BRDA:136,54,1,0
BRDA:137,55,0,0
BRDA:137,55,1,0
BRDA:138,56,0,0
BRDA:138,56,1,0
BRDA:143,57,0,0
BRDA:143,57,1,0
BRDA:144,58,0,0
BRDA:144,58,1,0
BRDA:145,59,0,0
BRDA:145,59,1,0
BRDA:146,60,0,0
BRDA:146,60,1,0
BRDA:147,61,0,0
BRDA:147,61,1,0
BRDA:148,62,0,0
BRDA:148,62,1,0
BRDA:149,63,0,0
BRDA:149,63,1,0
BRDA:154,64,0,0
BRDA:154,64,1,0
BRDA:162,65,0,0
BRDA:162,65,1,0
BRDA:164,66,0,0
BRDA:164,66,1,0
BRDA:164,67,0,0
BRDA:164,67,1,0
BRDA:165,68,0,0
BRDA:165,68,1,0
BRDA:165,69,0,0
BRDA:165,69,1,0
BRDA:168,70,0,0
BRDA:168,70,1,0
BRDA:168,71,0,0
BRDA:168,71,1,0
BRDA:169,72,0,0
BRDA:169,72,1,0
BRDA:169,73,0,0
BRDA:169,73,1,0
BRDA:172,74,0,0
BRDA:172,74,1,0
BRDA:173,75,0,0
BRDA:173,75,1,0
BRDA:174,76,0,0
BRDA:174,76,1,0
BRDA:175,77,0,0
BRDA:175,77,1,0
BRDA:176,78,0,0
BRDA:176,78,1,0
BRDA:177,79,0,0
BRDA:177,79,1,0
BRDA:178,80,0,0
BRDA:178,80,1,0
BRDA:183,81,0,0
BRDA:183,81,1,0
BRDA:184,82,0,0
BRDA:184,82,1,0
BRDA:185,83,0,0
BRDA:185,83,1,0
BRDA:186,84,0,0
BRDA:186,84,1,0
BRDA:187,85,0,0
BRDA:187,85,1,0
BRDA:188,86,0,0
BRDA:188,86,1,0
BRDA:189,87,0,0
BRDA:189,87,1,0
BRDA:194,88,0,0
BRDA:194,88,1,0
BRDA:195,89,0,0
BRDA:195,89,1,0
BRDA:196,90,0,0
BRDA:196,90,1,0
BRDA:197,91,0,0
BRDA:197,91,1,0
BRDA:198,92,0,0
BRDA:198,92,1,0
BRDA:199,93,0,0
BRDA:199,93,1,0
BRDA:200,94,0,0
BRDA:200,94,1,0
BRDA:205,95,0,0
BRDA:205,95,1,0
BRDA:213,96,0,0
BRDA:213,96,1,0
BRDA:215,97,0,0
BRDA:215,97,1,0
BRDA:215,98,0,0
BRDA:215,98,1,0
BRDA:218,99,0,0
BRDA:218,99,1,0
BRDA:218,100,0,0
BRDA:218,100,1,0
BRDA:221,101,0,0
BRDA:221,101,1,0
BRDA:221,102,0,0
BRDA:221,102,1,0
BRDA:224,103,0,0
BRDA:224,103,1,0
BRDA:224,104,0,0
BRDA:224,104,1,0
BRDA:225,105,0,0
BRDA:225,105,1,0
BRDA:225,106,0,0
BRDA:225,106,1,0
BRDA:239,107,0,0
BRDA:239,107,1,0
BRDA:254,108,0,0
BRDA:254,108,1,0
BRDA:257,109,0,0
BRDA:257,109,1,0
BRDA:260,110,0,0
BRDA:260,110,1,0
BRDA:272,111,0,0
BRDA:272,111,1,0
BRDA:328,112,0,0
BRDA:328,112,1,0
BRDA:328,113,0,0
BRDA:328,113,1,0
BRDA:339,114,0,0
BRDA:339,114,1,0
BRDA:339,115,0,0
BRDA:339,115,1,0
BRDA:348,116,0,0
BRDA:348,116,1,0
BRDA:369,117,0,0
BRDA:369,117,1,0
BRDA:375,118,0,0
BRDA:375,118,1,0
BRDA:376,119,0,0
BRDA:376,119,1,0
BRDA:377,120,0,0
BRDA:377,120,1,0
BRDA:383,121,0,0
BRDA:383,121,1,0
BRDA:384,122,0,0
BRDA:384,122,1,0
BRDA:397,123,0,0
BRDA:397,123,1,0
BRDA:397,124,0,0
BRDA:397,124,1,0
BRDA:398,125,0,0
BRDA:398,125,1,0
BRDA:398,126,0,0
BRDA:398,126,1,0
BRDA:408,127,0,0
BRDA:408,127,1,0
BRDA:415,128,0,0
BRDA:415,128,1,0
BRDA:422,129,0,0
BRDA:425,130,0,0
BRDA:425,130,1,0
BRF:260
BRH:0
end_of_record
TN:
SF:src/auth/dataProvider.ts
FN:7,(anonymous_0)
FN:12,(anonymous_1)
FN:47,(anonymous_2)
FN:49,(anonymous_3)
FN:56,(anonymous_4)
FN:77,(anonymous_5)
FN:84,(anonymous_6)
FN:85,(anonymous_7)
FN:87,(anonymous_8)
FN:91,(anonymous_9)
FN:102,(anonymous_10)
FN:113,(anonymous_11)
FN:121,(anonymous_12)
FN:130,(anonymous_13)
FN:134,(anonymous_14)
FN:138,(anonymous_15)
FNF:16
FNH:0
FNDA:0,(anonymous_0)
FNDA:0,(anonymous_1)
FNDA:0,(anonymous_2)
FNDA:0,(anonymous_3)
FNDA:0,(anonymous_4)
FNDA:0,(anonymous_5)
FNDA:0,(anonymous_6)
FNDA:0,(anonymous_7)
FNDA:0,(anonymous_8)
FNDA:0,(anonymous_9)
FNDA:0,(anonymous_10)
FNDA:0,(anonymous_11)
FNDA:0,(anonymous_12)
FNDA:0,(anonymous_13)
FNDA:0,(anonymous_14)
FNDA:0,(anonymous_15)
DA:7,0
DA:8,0
DA:12,0
DA:13,0
DA:15,0
DA:20,0
DA:21,0
DA:24,0
DA:29,0
DA:30,0
DA:31,0
DA:32,0
DA:33,0
DA:35,0
DA:39,0
DA:40,0
DA:43,0
DA:47,0
DA:48,0
DA:49,0
DA:51,0
DA:54,0
DA:57,0
DA:58,0
DA:59,0
DA:60,0
DA:66,0
DA:68,0
DA:70,0
DA:78,0
DA:79,0
DA:80,0
DA:85,0
DA:86,0
DA:87,0
DA:92,0
DA:93,0
DA:98,0
DA:103,0
DA:104,0
DA:109,0
DA:114,0
DA:115,0
DA:117,0
DA:125,0
DA:126,0
DA:130,0
DA:138,0
DA:139,0
DA:140,0
LF:50
LH:0
BRDA:12,0,0,0
BRDA:20,1,0,0
BRDA:20,1,1,0
BRDA:29,2,0,0
BRDA:29,2,1,0
BRDA:30,3,0,0
BRDA:30,3,1,0
BRDA:39,4,0,0
BRDA:39,4,1,0
BRDA:49,5,0,0
BRDA:49,5,1,0
BRDA:49,5,2,0
BRDA:57,6,0,0
BRDA:57,6,1,0
BRDA:58,7,0,0
BRDA:58,7,1,0
BRDA:71,8,0,0
BRDA:71,8,1,0
BRDA:71,9,0,0
BRDA:71,9,1,0
BRDA:72,10,0,0
BRDA:72,10,1,0
BRDA:72,11,0,0
BRDA:72,11,1,0
BRF:24
BRH:0
end_of_record
TN:
SF:src/config/dynamicResources.ts
FN:16,(anonymous_0)
FN:20,(anonymous_1)
FN:43,(anonymous_2)
FN:46,(anonymous_3)
FN:71,(anonymous_4)
FN:74,(anonymous_5)
FN:108,(anonymous_6)
FN:111,(anonymous_7)
FN:134,(anonymous_8)
FN:148,(anonymous_9)
FN:162,(anonymous_10)
FNF:11
FNH:0
FNDA:0,(anonymous_0)
FNDA:0,(anonymous_1)
FNDA:0,(anonymous_2)
FNDA:0,(anonymous_3)
FNDA:0,(anonymous_4)
FNDA:0,(anonymous_5)
FNDA:0,(anonymous_6)
FNDA:0,(anonymous_7)
FNDA:0,(anonymous_8)
FNDA:0,(anonymous_9)
FNDA:0,(anonymous_10)
DA:1,0
DA:3,0
DA:8,0
DA:16,0
DA:17,0
DA:20,0
DA:21,0
DA:22,0
DA:30,0
DA:43,0
DA:44,0
DA:46,0
DA:47,0
DA:48,0
DA:49,0
DA:57,0
DA:71,0
DA:72,0
DA:74,0
DA:75,0
DA:76,0
DA:77,0
DA:78,0
DA:96,0
DA:108,0
DA:109,0
DA:111,0
DA:112,0
DA:113,0
DA:114,0
DA:115,0
DA:116,0
DA:134,0
DA:135,0
DA:136,0
DA:137,0
DA:138,0
DA:139,0
DA:140,0
DA:141,0
DA:142,0
DA:143,0
DA:145,0
DA:148,0
DA:149,0
DA:150,0
DA:151,0
DA:152,0
DA:153,0
DA:154,0
DA:155,0
DA:156,0
DA:157,0
DA:159,0
DA:162,0
DA:167,0
DA:168,0
DA:169,0
DA:170,0
DA:171,0
DA:172,0
DA:173,0
DA:174,0
DA:175,0
DA:177,0
LF:65
LH:0
BRDA:1,0,0,0
BRDA:1,0,1,0
BRDA:136,1,0,0
BRDA:136,1,1,0
BRDA:138,2,0,0
BRDA:138,2,1,0
BRDA:140,3,0,0
BRDA:140,3,1,0
BRDA:142,4,0,0
BRDA:142,4,1,0
BRDA:150,5,0,0
BRDA:150,5,1,0
BRDA:152,6,0,0
BRDA:152,6,1,0
BRDA:154,7,0,0
BRDA:154,7,1,0
BRDA:156,8,0,0
BRDA:156,8,1,0
BRDA:167,9,0,0
BRDA:167,9,1,0
BRDA:168,10,0,0
BRDA:168,10,1,0
BRDA:169,11,0,0
BRDA:169,11,1,0
BRDA:170,12,0,0
BRDA:170,12,1,0
BRDA:171,13,0,0
BRDA:171,13,1,0
BRDA:172,14,0,0
BRDA:172,14,1,0
BRDA:173,15,0,0
BRDA:173,15,1,0
BRDA:174,16,0,0
BRDA:174,16,1,0
BRDA:175,17,0,0
BRDA:175,17,1,0
BRF:36
BRH:0
end_of_record
TN:
SF:src/core/App.tsx
FN:41,(anonymous_0)
FN:53,(anonymous_1)
FN:55,(anonymous_2)
FN:69,(anonymous_3)
FN:136,(anonymous_4)
FNF:5
FNH:0
FNDA:0,(anonymous_0)
FNDA:0,(anonymous_1)
FNDA:0,(anonymous_2)
FNDA:0,(anonymous_3)
FNDA:0,(anonymous_4)
DA:41,0
DA:42,0
DA:53,0
DA:55,0
DA:56,0
DA:69,0
DA:70,0
DA:75,0
DA:136,0
DA:137,0
LF:10
LH:0
BRF:0
BRH:0
end_of_record
TN:
SF:src/core/Layout.tsx
FN:4,(anonymous_0)
FNF:1
FNH:0
FNDA:0,(anonymous_0)
DA:4,0
DA:13,0
LF:2
LH:0
BRF:0
BRH:0
end_of_record
TN:
SF:src/core/Menu.tsx
FN:40,(anonymous_0)
FN:163,(anonymous_1)
FN:164,(anonymous_2)
FN:197,(anonymous_3)
FN:216,(anonymous_4)
FNF:5
FNH:0
FNDA:0,(anonymous_0)
FNDA:0,(anonymous_1)
FNDA:0,(anonymous_2)
FNDA:0,(anonymous_3)
FNDA:0,(anonymous_4)
DA:40,0
DA:41,0
DA:42,0
DA:43,0
DA:45,0
DA:47,0
DA:60,0
DA:84,0
DA:108,0
DA:153,0
DA:163,0
DA:164,0
DA:165,0
DA:179,0
DA:197,0
DA:216,0
LF:16
LH:0
BRDA:45,0,0,0
BRDA:45,0,1,0
BRDA:163,1,0,0
BRDA:169,2,0,0
BRDA:169,2,1,0
BRDA:202,3,0,0
BRDA:202,3,1,0
BRDA:221,4,0,0
BRDA:221,4,1,0
BRF:9
BRH:0
end_of_record
TN:
SF:src/features/HomePage.tsx
FN:49,ActionButton
FN:57,(anonymous_1)
FN:91,HomePage
FN:129,(anonymous_3)
FN:147,(anonymous_4)
FNF:5
FNH:0
FNDA:0,ActionButton
FNDA:0,(anonymous_1)
FNDA:0,HomePage
FNDA:0,(anonymous_3)
FNDA:0,(anonymous_4)
DA:10,0
DA:50,0
DA:51,0
DA:53,0
DA:57,0
DA:92,0
DA:93,0
DA:95,0
DA:130,0
DA:148,0
LF:10
LH:0
BRDA:111,0,0,0
BRDA:111,0,1,0
BRDA:123,1,0,0
BRDA:123,1,1,0
BRDA:141,2,0,0
BRDA:141,2,1,0
BRF:6
BRH:0
end_of_record
TN:
SF:src/features/SimplePage.tsx
FN:7,SimplePage
FNF:1
FNH:0
FNDA:0,SimplePage
DA:8,0
LF:1
LH:0
BRF:0
BRH:0
end_of_record
TN:
SF:src/features/money/bank_fees/BankFeeCreate.tsx
FN:4,BankFeeCreate
FN:7,(anonymous_1)
FNF:2
FNH:0
FNDA:0,BankFeeCreate
FNDA:0,(anonymous_1)
DA:5,0
DA:7,0
LF:2
LH:0
BRF:0
BRH:0
end_of_record
TN:
SF:src/features/money/bank_fees/BankFeeEdit.tsx
FN:4,BankFeeEdit
FN:7,(anonymous_1)
FNF:2
FNH:0
FNDA:0,BankFeeEdit
FNDA:0,(anonymous_1)
DA:5,0
DA:7,0
LF:2
LH:0
BRF:0
BRH:0
end_of_record
TN:
SF:src/features/money/bank_fees/BankFeeForm.tsx
FN:5,BankFeeForm
FNF:1
FNH:0
FNDA:0,BankFeeForm
DA:6,0
LF:1
LH:0
BRDA:5,0,0,0
BRDA:5,1,0,0
BRDA:8,2,0,0
BRDA:8,2,1,0
BRDA:11,3,0,0
BRDA:11,3,1,0
BRF:6
BRH:0
end_of_record
TN:
SF:src/features/money/bank_fees/BankFeeList.tsx
FN:18,BankFeeList
FN:32,(anonymous_1)
FN:42,(anonymous_2)
FNF:3
FNH:0
FNDA:0,BankFeeList
FNDA:0,(anonymous_1)
FNDA:0,(anonymous_2)
DA:13,0
DA:19,0
DA:33,0
DA:43,0
LF:4
LH:0
BRF:0
BRH:0
end_of_record
TN:
SF:src/features/money/bank_fees/BankFeeShow.tsx
FN:3,BankFeeShow
FN:18,(anonymous_1)
FN:28,(anonymous_2)
FNF:3
FNH:0
FNDA:0,BankFeeShow
FNDA:0,(anonymous_1)
FNDA:0,(anonymous_2)
DA:4,0
DA:19,0
DA:29,0
LF:3
LH:0
BRF:0
BRH:0
end_of_record
TN:
SF:src/features/money/bank_fees/index.tsx
FN:13,(anonymous_0)
FNF:1
FNH:0
FNDA:0,(anonymous_0)
DA:13,0
LF:1
LH:0
BRF:0
BRH:0
end_of_record
TN:
SF:src/features/money/employee_payments/EmployeePaymentCreate.tsx
FN:4,EmployeePaymentCreate
FN:7,(anonymous_1)
FNF:2
FNH:0
FNDA:0,EmployeePaymentCreate
FNDA:0,(anonymous_1)
DA:5,0
DA:7,0
LF:2
LH:0
BRF:0
BRH:0
end_of_record
TN:
SF:src/features/money/employee_payments/EmployeePaymentEdit.tsx
FN:4,EmployeePaymentEdit
FN:7,(anonymous_1)
FNF:2
FNH:0
FNDA:0,EmployeePaymentEdit
FNDA:0,(anonymous_1)
DA:5,0
DA:7,0
LF:2
LH:0
BRF:0
BRH:0
end_of_record
TN:
SF:src/features/money/employee_payments/EmployeePaymentForm.tsx
FN:9,EmployeePaymentForm
FNF:1
FNH:0
FNDA:0,EmployeePaymentForm
DA:10,0
LF:1
LH:0
BRDA:9,0,0,0
BRDA:9,1,0,0
BRDA:12,2,0,0
BRDA:12,2,1,0
BRDA:15,3,0,0
BRDA:15,3,1,0
BRF:6
BRH:0
end_of_record
TN:
SF:src/features/money/employee_payments/EmployeePaymentList.tsx
FN:19,EmployeePaymentList
FN:44,(anonymous_1)
FN:54,(anonymous_2)
FNF:3
FNH:0
FNDA:0,EmployeePaymentList
FNDA:0,(anonymous_1)
FNDA:0,(anonymous_2)
DA:14,0
DA:20,0
DA:45,0
DA:55,0
LF:4
LH:0
BRF:0
BRH:0
end_of_record
TN:
SF:src/features/money/employee_payments/EmployeePaymentShow.tsx
FN:10,EmployeePaymentShow
FN:35,(anonymous_1)
FN:45,(anonymous_2)
FNF:3
FNH:0
FNDA:0,EmployeePaymentShow
FNDA:0,(anonymous_1)
FNDA:0,(anonymous_2)
DA:11,0
DA:36,0
DA:46,0
LF:3
LH:0
BRF:0
BRH:0
end_of_record
TN:
SF:src/features/money/employee_payments/index.tsx
FN:13,(anonymous_0)
FNF:1
FNH:0
FNDA:0,(anonymous_0)
DA:13,0
LF:1
LH:0
BRF:0
BRH:0
end_of_record
TN:
SF:src/features/money/expenses/ExpenseContext.tsx
FNF:0
FNH:0
DA:3,0
LF:1
LH:0
BRF:0
BRH:0
end_of_record
TN:
SF:src/features/money/expenses/ExpenseCreate.tsx
FN:4,ExpenseCreate
FN:7,(anonymous_1)
FNF:2
FNH:0
FNDA:0,ExpenseCreate
FNDA:0,(anonymous_1)
DA:5,0
DA:7,0
LF:2
LH:0
BRF:0
BRH:0
end_of_record
TN:
SF:src/features/money/expenses/ExpenseEdit.tsx
FN:4,ExpenseEdit
FN:7,(anonymous_1)
FNF:2
FNH:0
FNDA:0,ExpenseEdit
FNDA:0,(anonymous_1)
DA:5,0
DA:7,0
LF:2
LH:0
BRF:0
BRH:0
end_of_record
TN:
SF:src/features/money/expenses/ExpenseForm.tsx
FN:6,ExpenseForm
FNF:1
FNH:0
FNDA:0,ExpenseForm
DA:7,0
LF:1
LH:0
BRDA:6,0,0,0
BRDA:6,1,0,0
BRDA:9,2,0,0
BRDA:9,2,1,0
BRDA:12,3,0,0
BRDA:12,3,1,0
BRF:6
BRH:0
end_of_record
TN:
SF:src/features/money/expenses/ExpenseList.tsx
FN:20,ExpenseList
FN:35,(anonymous_1)
FN:44,(anonymous_2)
FNF:3
FNH:0
FNDA:0,ExpenseList
FNDA:0,(anonymous_1)
FNDA:0,(anonymous_2)
DA:15,0
DA:21,0
DA:36,0
DA:45,0
LF:4
LH:0
BRF:0
BRH:0
end_of_record
TN:
SF:src/features/money/expenses/ExpenseSelector.tsx
FN:12,(anonymous_0)
FNF:1
FNH:0
FNDA:0,(anonymous_0)
DA:12,0
DA:13,0
DA:15,0
LF:3
LH:0
BRF:0
BRH:0
end_of_record
TN:
SF:src/features/money/expenses/ExpenseShow.tsx
FN:10,ExpenseShow
FN:23,(anonymous_1)
FN:33,(anonymous_2)
FNF:3
FNH:0
FNDA:0,ExpenseShow
FNDA:0,(anonymous_1)
FNDA:0,(anonymous_2)
DA:11,0
DA:24,0
DA:34,0
LF:3
LH:0
BRF:0
BRH:0
end_of_record
TN:
SF:src/features/money/expenses/index.tsx
FN:13,(anonymous_0)
FNF:1
FNH:0
FNDA:0,(anonymous_0)
DA:13,0
LF:1
LH:0
BRF:0
BRH:0
end_of_record
TN:
SF:src/features/money/incomes/IncomeCreate.tsx
FN:4,IncomeCreate
FN:7,(anonymous_1)
FNF:2
FNH:0
FNDA:0,IncomeCreate
FNDA:0,(anonymous_1)
DA:5,0
DA:7,0
LF:2
LH:0
BRF:0
BRH:0
end_of_record
TN:
SF:src/features/money/incomes/IncomeEdit.tsx
FN:4,IncomeEdit
FN:7,(anonymous_1)
FNF:2
FNH:0
FNDA:0,IncomeEdit
FNDA:0,(anonymous_1)
DA:5,0
DA:7,0
LF:2
LH:0
BRF:0
BRH:0
end_of_record
TN:
SF:src/features/money/incomes/IncomeForm.tsx
FN:6,IncomeForm
FNF:1
FNH:0
FNDA:0,IncomeForm
DA:7,0
LF:1
LH:0
BRDA:6,0,0,0
BRDA:6,1,0,0
BRDA:9,2,0,0
BRDA:9,2,1,0
BRDA:12,3,0,0
BRDA:12,3,1,0
BRF:6
BRH:0
end_of_record
TN:
SF:src/features/money/incomes/IncomeList.tsx
FN:20,IncomeList
FN:34,(anonymous_1)
FN:44,(anonymous_2)
FNF:3
FNH:0
FNDA:0,IncomeList
FNDA:0,(anonymous_1)
FNDA:0,(anonymous_2)
DA:14,0
DA:21,0
DA:35,0
DA:45,0
LF:4
LH:0
BRF:0
BRH:0
end_of_record
TN:
SF:src/features/money/incomes/IncomeShow.tsx
FN:10,IncomeShow
FN:25,(anonymous_1)
FN:35,(anonymous_2)
FNF:3
FNH:0
FNDA:0,IncomeShow
FNDA:0,(anonymous_1)
FNDA:0,(anonymous_2)
DA:11,0
DA:26,0
DA:36,0
LF:3
LH:0
BRF:0
BRH:0
end_of_record
TN:
SF:src/features/money/incomes/index.tsx
FN:13,(anonymous_0)
FNF:1
FNH:0
FNDA:0,(anonymous_0)
DA:13,0
LF:1
LH:0
BRF:0
BRH:0
end_of_record
TN:
SF:src/features/money/other_expenses/OtherExpenseCreate.tsx
FN:4,OtherExpenseCreate
FN:7,(anonymous_1)
FNF:2
FNH:0
FNDA:0,OtherExpenseCreate
FNDA:0,(anonymous_1)
DA:5,0
DA:7,0
LF:2
LH:0
BRF:0
BRH:0
end_of_record
TN:
SF:src/features/money/other_expenses/OtherExpenseEdit.tsx
FN:4,OtherExpenseEdit
FN:7,(anonymous_1)
FNF:2
FNH:0
FNDA:0,OtherExpenseEdit
FNDA:0,(anonymous_1)
DA:5,0
DA:7,0
LF:2
LH:0
BRF:0
BRH:0
end_of_record
TN:
SF:src/features/money/other_expenses/OtherExpenseForm.tsx
FN:6,OtherExpenseForm
FNF:1
FNH:0
FNDA:0,OtherExpenseForm
DA:7,0
LF:1
LH:0
BRDA:6,0,0,0
BRDA:6,1,0,0
BRDA:9,2,0,0
BRDA:9,2,1,0
BRDA:12,3,0,0
BRDA:12,3,1,0
BRF:6
BRH:0
end_of_record
TN:
SF:src/features/money/other_expenses/OtherExpenseList.tsx
FN:14,OtherExpenseList
FN:27,(anonymous_1)
FN:37,(anonymous_2)
FNF:3
FNH:0
FNDA:0,OtherExpenseList
FNDA:0,(anonymous_1)
FNDA:0,(anonymous_2)
DA:12,0
DA:15,0
DA:28,0
DA:38,0
LF:4
LH:0
BRF:0
BRH:0
end_of_record
TN:
SF:src/features/money/other_expenses/OtherExpenseShow.tsx
FN:3,OtherExpenseShow
FN:19,(anonymous_1)
FN:29,(anonymous_2)
FNF:3
FNH:0
FNDA:0,OtherExpenseShow
FNDA:0,(anonymous_1)
FNDA:0,(anonymous_2)
DA:4,0
DA:20,0
DA:30,0
LF:3
LH:0
BRF:0
BRH:0
end_of_record
TN:
SF:src/features/money/other_expenses/index.tsx
FN:13,(anonymous_0)
FNF:1
FNH:0
FNDA:0,(anonymous_0)
DA:13,0
LF:1
LH:0
BRF:0
BRH:0
end_of_record
TN:
SF:src/features/money/purchase_operation/PurchaseActivityForm.tsx
FN:54,(anonymous_0)
FN:75,(anonymous_1)
FN:80,(anonymous_2)
FN:90,(anonymous_3)
FN:94,(anonymous_4)
FN:106,(anonymous_5)
FN:242,(anonymous_6)
FN:261,(anonymous_7)
FN:276,(anonymous_8)
FN:276,(anonymous_9)
FNF:10
FNH:0
FNDA:0,(anonymous_0)
FNDA:0,(anonymous_1)
FNDA:0,(anonymous_2)
FNDA:0,(anonymous_3)
FNDA:0,(anonymous_4)
FNDA:0,(anonymous_5)
FNDA:0,(anonymous_6)
FNDA:0,(anonymous_7)
FNDA:0,(anonymous_8)
FNDA:0,(anonymous_9)
DA:36,0
DA:45,0
DA:54,0
DA:55,0
DA:58,0
DA:61,0
DA:75,0
DA:76,0
DA:77,0
DA:80,0
DA:81,0
DA:86,0
DA:87,0
DA:88,0
DA:90,0
DA:91,0
DA:94,0
DA:106,0
DA:141,0
DA:142,0
DA:143,0
DA:144,0
DA:147,0
DA:148,0
DA:158,0
DA:159,0
DA:162,0
DA:163,0
DA:164,0
DA:166,0
DA:167,0
DA:171,0
DA:173,0
DA:242,0
DA:261,0
DA:276,0
LF:36
LH:0
BRDA:76,0,0,0
BRDA:76,0,1,0
BRDA:94,1,0,0
BRDA:94,1,1,0
BRDA:97,2,0,0
BRDA:97,2,1,0
BRDA:98,3,0,0
BRDA:98,3,1,0
BRDA:103,4,0,0
BRDA:103,4,1,0
BRDA:106,5,0,0
BRDA:106,5,1,0
BRDA:113,6,0,0
BRDA:113,6,1,0
BRDA:114,7,0,0
BRDA:114,7,1,0
BRDA:117,8,0,0
BRDA:117,8,1,0
BRDA:121,9,0,0
BRDA:121,9,1,0
BRDA:126,10,0,0
BRDA:126,10,1,0
BRDA:133,11,0,0
BRDA:133,11,1,0
BRDA:137,12,0,0
BRDA:137,12,1,0
BRDA:143,13,0,0
BRDA:143,13,1,0
BRDA:158,14,0,0
BRDA:158,14,1,0
BRDA:171,15,0,0
BRDA:171,15,1,0
BRDA:280,16,0,0
BRDA:280,16,1,0
BRF:34
BRH:0
end_of_record
TN:
SF:src/features/money/purchases/PurchaseCreate.tsx
FN:4,PurchaseCreate
FN:7,(anonymous_1)
FNF:2
FNH:0
FNDA:0,PurchaseCreate
FNDA:0,(anonymous_1)
DA:5,0
DA:7,0
LF:2
LH:0
BRF:0
BRH:0
end_of_record
TN:
SF:src/features/money/purchases/PurchaseEdit.tsx
FN:4,PurchaseEdit
FN:7,(anonymous_1)
FNF:2
FNH:0
FNDA:0,PurchaseEdit
FNDA:0,(anonymous_1)
DA:5,0
DA:7,0
LF:2
LH:0
BRF:0
BRH:0
end_of_record
TN:
SF:src/features/money/purchases/PurchaseForm.tsx
FN:11,PurchaseForm
FNF:1
FNH:0
FNDA:0,PurchaseForm
DA:12,0
LF:1
LH:0
BRDA:11,0,0,0
BRDA:11,1,0,0
BRDA:14,2,0,0
BRDA:14,2,1,0
BRDA:17,3,0,0
BRDA:17,3,1,0
BRF:6
BRH:0
end_of_record
TN:
SF:src/features/money/purchases/PurchaseList.tsx
FN:19,PurchaseList
FNF:1
FNH:0
FNDA:0,PurchaseList
DA:13,0
DA:20,0
LF:2
LH:0
BRF:0
BRH:0
end_of_record
TN:
SF:src/features/money/purchases/PurchaseShow.tsx
FN:3,PurchaseShow
FNF:1
FNH:0
FNDA:0,PurchaseShow
DA:4,0
LF:1
LH:0
BRF:0
BRH:0
end_of_record
TN:
SF:src/features/money/purchases/index.tsx
FN:13,(anonymous_0)
FNF:1
FNH:0
FNDA:0,(anonymous_0)
DA:13,0
LF:1
LH:0
BRF:0
BRH:0
end_of_record
TN:
SF:src/features/money/travel_expenses/TravelExpenseContext.tsx
FNF:0
FNH:0
DA:3,0
LF:1
LH:0
BRF:0
BRH:0
end_of_record
TN:
SF:src/features/money/travel_expenses/TravelExpenseCreate.tsx
FN:4,TravelExpenseCreate
FN:7,(anonymous_1)
FNF:2
FNH:0
FNDA:0,TravelExpenseCreate
FNDA:0,(anonymous_1)
DA:5,0
DA:7,0
LF:2
LH:0
BRF:0
BRH:0
end_of_record
TN:
SF:src/features/money/travel_expenses/TravelExpenseEdit.tsx
FN:4,TravelExpenseEdit
FN:7,(anonymous_1)
FNF:2
FNH:0
FNDA:0,TravelExpenseEdit
FNDA:0,(anonymous_1)
DA:5,0
DA:7,0
LF:2
LH:0
BRF:0
BRH:0
end_of_record
TN:
SF:src/features/money/travel_expenses/TravelExpenseForm.tsx
FN:9,TravelExpenseForm
FNF:1
FNH:0
FNDA:0,TravelExpenseForm
DA:10,0
LF:1
LH:0
BRDA:9,0,0,0
BRDA:9,1,0,0
BRDA:12,2,0,0
BRDA:12,2,1,0
BRDA:15,3,0,0
BRDA:15,3,1,0
BRF:6
BRH:0
end_of_record
TN:
SF:src/features/money/travel_expenses/TravelExpenseList.tsx
FN:17,TravelExpenseList
FNF:1
FNH:0
FNDA:0,TravelExpenseList
DA:12,0
DA:18,0
LF:2
LH:0
BRF:0
BRH:0
end_of_record
TN:
SF:src/features/money/travel_expenses/TravelExpenseSelector.tsx
FN:14,(anonymous_0)
FNF:1
FNH:0
FNDA:0,(anonymous_0)
DA:14,0
DA:15,0
DA:17,0
LF:3
LH:0
BRF:0
BRH:0
end_of_record
TN:
SF:src/features/money/travel_expenses/TravelExpenseShow.tsx
FN:3,TravelExpenseShow
FNF:1
FNH:0
FNDA:0,TravelExpenseShow
DA:4,0
LF:1
LH:0
BRF:0
BRH:0
end_of_record
TN:
SF:src/features/money/travel_expenses/index.tsx
FN:13,(anonymous_0)
FNF:1
FNH:0
FNDA:0,(anonymous_0)
DA:14,0
LF:1
LH:0
BRF:0
BRH:0
end_of_record
TN:
SF:src/features/storage/equipment/EquipmentCreate.tsx
FN:4,EquipmentCreate
FN:7,(anonymous_1)
FNF:2
FNH:0
FNDA:0,EquipmentCreate
FNDA:0,(anonymous_1)
DA:5,0
DA:7,0
LF:2
LH:0
BRF:0
BRH:0
end_of_record
TN:
SF:src/features/storage/equipment/EquipmentEdit.tsx
FN:4,EquipmentEdit
FN:7,(anonymous_1)
FNF:2
FNH:0
FNDA:0,EquipmentEdit
FNDA:0,(anonymous_1)
DA:5,0
DA:7,0
LF:2
LH:0
BRF:0
BRH:0
end_of_record
TN:
SF:src/features/storage/equipment/EquipmentForm.tsx
FN:6,EquipmentForm
FNF:1
FNH:0
FNDA:0,EquipmentForm
DA:7,0
LF:1
LH:0
BRDA:6,0,0,0
BRDA:6,1,0,0
BRDA:9,2,0,0
BRDA:9,2,1,0
BRDA:12,3,0,0
BRDA:12,3,1,0
BRF:6
BRH:0
end_of_record
TN:
SF:src/features/storage/equipment/EquipmentList.tsx
FN:20,EquipmentList
FN:34,(anonymous_1)
FN:44,(anonymous_2)
FNF:3
FNH:0
FNDA:0,EquipmentList
FNDA:0,(anonymous_1)
FNDA:0,(anonymous_2)
DA:14,0
DA:21,0
DA:35,0
DA:45,0
LF:4
LH:0
BRF:0
BRH:0
end_of_record
TN:
SF:src/features/storage/equipment/EquipmentShow.tsx
FN:10,EquipmentShow
FN:25,(anonymous_1)
FN:35,(anonymous_2)
FNF:3
FNH:0
FNDA:0,EquipmentShow
FNDA:0,(anonymous_1)
FNDA:0,(anonymous_2)
DA:11,0
DA:26,0
DA:36,0
LF:3
LH:0
BRF:0
BRH:0
end_of_record
TN:
SF:src/features/storage/equipment/index.tsx
FN:13,(anonymous_0)
FNF:1
FNH:0
FNDA:0,(anonymous_0)
DA:13,0
LF:1
LH:0
BRF:0
BRH:0
end_of_record
TN:
SF:src/features/storage/materials/MaterialCreate.tsx
FN:4,MaterialCreate
FNF:1
FNH:0
FNDA:0,MaterialCreate
DA:5,0
LF:1
LH:0
BRF:0
BRH:0
end_of_record
TN:
SF:src/features/storage/materials/MaterialEdit.tsx
FN:4,MaterialEdit
FNF:1
FNH:0
FNDA:0,MaterialEdit
DA:5,0
LF:1
LH:0
BRF:0
BRH:0
end_of_record
TN:
SF:src/features/storage/materials/MaterialForm.tsx
FN:5,MaterialForm
FNF:1
FNH:0
FNDA:0,MaterialForm
DA:6,0
LF:1
LH:0
BRDA:5,0,0,0
BRDA:5,1,0,0
BRDA:8,2,0,0
BRDA:8,2,1,0
BRDA:11,3,0,0
BRDA:11,3,1,0
BRF:6
BRH:0
end_of_record
TN:
SF:src/features/storage/materials/MaterialList.tsx
FN:20,MaterialList
FN:52,(anonymous_1)
FN:62,(anonymous_2)
FNF:3
FNH:0
FNDA:0,MaterialList
FNDA:0,(anonymous_1)
FNDA:0,(anonymous_2)
DA:14,0
DA:21,0
DA:53,0
DA:63,0
LF:4
LH:0
BRF:0
BRH:0
end_of_record
TN:
SF:src/features/storage/materials/MaterialShow.tsx
FN:10,MaterialShow
FN:43,(anonymous_1)
FN:53,(anonymous_2)
FNF:3
FNH:0
FNDA:0,MaterialShow
FNDA:0,(anonymous_1)
FNDA:0,(anonymous_2)
DA:11,0
DA:44,0
DA:54,0
LF:3
LH:0
BRF:0
BRH:0
end_of_record
TN:
SF:src/features/storage/materials/index.tsx
FN:13,(anonymous_0)
FNF:1
FNH:0
FNDA:0,(anonymous_0)
DA:13,0
LF:1
LH:0
BRF:0
BRH:0
end_of_record
TN:
SF:src/features/storage/travel/travel_equipment/TravelEquipmentCreate.tsx
FN:4,TravelEquipmentCreate
FNF:1
FNH:0
FNDA:0,TravelEquipmentCreate
DA:5,0
LF:1
LH:0
BRF:0
BRH:0
end_of_record
TN:
SF:src/features/storage/travel/travel_equipment/TravelEquipmentEdit.tsx
FN:4,TravelEquipmentEdit
FN:7,(anonymous_1)
FNF:2
FNH:0
FNDA:0,TravelEquipmentEdit
FNDA:0,(anonymous_1)
DA:5,0
DA:7,0
LF:2
LH:0
BRF:0
BRH:0
end_of_record
TN:
SF:src/features/storage/travel/travel_equipment/TravelEquipmentForm.tsx
FN:9,TravelEquipmentForm
FNF:1
FNH:0
FNDA:0,TravelEquipmentForm
DA:10,0
LF:1
LH:0
BRDA:9,0,0,0
BRDA:9,1,0,0
BRDA:12,2,0,0
BRDA:12,2,1,0
BRDA:15,3,0,0
BRDA:15,3,1,0
BRF:6
BRH:0
end_of_record
TN:
SF:src/features/storage/travel/travel_equipment/TravelEquipmentList.tsx
FN:20,TravelEquipmentList
FN:26,(anonymous_1)
FN:48,(anonymous_2)
FN:58,(anonymous_3)
FNF:4
FNH:0
FNDA:0,TravelEquipmentList
FNDA:0,(anonymous_1)
FNDA:0,(anonymous_2)
FNDA:0,(anonymous_3)
DA:15,0
DA:21,0
DA:27,0
DA:49,0
DA:59,0
LF:5
LH:0
BRDA:27,0,0,0
BRDA:27,0,1,0
BRDA:27,1,0,0
BRDA:27,1,1,0
BRF:4
BRH:0
end_of_record
TN:
SF:src/features/storage/travel/travel_equipment/TravelEquipmentShow.tsx
FN:11,TravelEquipmentShow
FN:30,(anonymous_1)
FN:33,(anonymous_2)
FN:45,(anonymous_3)
FN:55,(anonymous_4)
FNF:5
FNH:0
FNDA:0,TravelEquipmentShow
FNDA:0,(anonymous_1)
FNDA:0,(anonymous_2)
FNDA:0,(anonymous_3)
FNDA:0,(anonymous_4)
DA:12,0
DA:30,0
DA:34,0
DA:46,0
DA:56,0
LF:5
LH:0
BRDA:30,0,0,0
BRDA:30,0,1,0
BRDA:34,1,0,0
BRDA:34,1,1,0
BRDA:34,2,0,0
BRDA:34,2,1,0
BRF:6
BRH:0
end_of_record
TN:
SF:src/features/storage/travel/travel_equipment/index.tsx
FN:13,(anonymous_0)
FNF:1
FNH:0
FNDA:0,(anonymous_0)
DA:13,0
LF:1
LH:0
BRF:0
BRH:0
end_of_record
TN:
SF:src/features/storage/travel/travel_materials/TravelMaterialCreate.tsx
FN:4,TravelMaterialCreate
FN:7,(anonymous_1)
FNF:2
FNH:0
FNDA:0,TravelMaterialCreate
FNDA:0,(anonymous_1)
DA:5,0
DA:7,0
LF:2
LH:0
BRF:0
BRH:0
end_of_record
TN:
SF:src/features/storage/travel/travel_materials/TravelMaterialEdit.tsx
FN:4,TravelMaterialEdit
FN:7,(anonymous_1)
FNF:2
FNH:0
FNDA:0,TravelMaterialEdit
FNDA:0,(anonymous_1)
DA:5,0
DA:7,0
LF:2
LH:0
BRF:0
BRH:0
end_of_record
TN:
SF:src/features/storage/travel/travel_materials/TravelMaterialForm.tsx
FN:9,TravelMaterialForm
FNF:1
FNH:0
FNDA:0,TravelMaterialForm
DA:10,0
LF:1
LH:0
BRDA:9,0,0,0
BRDA:9,1,0,0
BRDA:12,2,0,0
BRDA:12,2,1,0
BRDA:15,3,0,0
BRDA:15,3,1,0
BRF:6
BRH:0
end_of_record
TN:
SF:src/features/storage/travel/travel_materials/TravelMaterialList.tsx
FN:19,TravelMaterialList
FN:25,(anonymous_1)
FN:39,(anonymous_2)
FN:48,(anonymous_3)
FNF:4
FNH:0
FNDA:0,TravelMaterialList
FNDA:0,(anonymous_1)
FNDA:0,(anonymous_2)
FNDA:0,(anonymous_3)
DA:14,0
DA:20,0
DA:26,0
DA:40,0
DA:49,0
LF:5
LH:0
BRDA:26,0,0,0
BRDA:26,0,1,0
BRDA:26,1,0,0
BRDA:26,1,1,0
BRF:4
BRH:0
end_of_record
TN:
SF:src/features/storage/travel/travel_materials/TravelMaterialShow.tsx
FN:10,TravelMaterialShow
FN:22,(anonymous_1)
FN:25,(anonymous_2)
FN:37,(anonymous_3)
FN:47,(anonymous_4)
FNF:5
FNH:0
FNDA:0,TravelMaterialShow
FNDA:0,(anonymous_1)
FNDA:0,(anonymous_2)
FNDA:0,(anonymous_3)
FNDA:0,(anonymous_4)
DA:11,0
DA:22,0
DA:26,0
DA:38,0
DA:48,0
LF:5
LH:0
BRDA:22,0,0,0
BRDA:22,0,1,0
BRDA:26,1,0,0
BRDA:26,1,1,0
BRDA:26,2,0,0
BRDA:26,2,1,0
BRF:6
BRH:0
end_of_record
TN:
SF:src/features/storage/travel/travel_materials/index.tsx
FN:13,(anonymous_0)
FNF:1
FNH:0
FNDA:0,(anonymous_0)
DA:13,0
LF:1
LH:0
BRF:0
BRH:0
end_of_record
TN:
SF:src/features/storage/travel/travel_people/TravelPeopleCreate.tsx
FN:4,TravelPeopleCreate
FN:7,(anonymous_1)
FNF:2
FNH:0
FNDA:0,TravelPeopleCreate
FNDA:0,(anonymous_1)
DA:5,0
DA:7,0
LF:2
LH:0
BRF:0
BRH:0
end_of_record
TN:
SF:src/features/storage/travel/travel_people/TravelPeopleEdit.tsx
FN:4,TravelPeopleEdit
FN:7,(anonymous_1)
FNF:2
FNH:0
FNDA:0,TravelPeopleEdit
FNDA:0,(anonymous_1)
DA:5,0
DA:7,0
LF:2
LH:0
BRF:0
BRH:0
end_of_record
TN:
SF:src/features/storage/travel/travel_people/TravelPeopleForm.tsx
FN:12,TravelPeopleForm
FNF:1
FNH:0
FNDA:0,TravelPeopleForm
DA:13,0
LF:1
LH:0
BRDA:12,0,0,0
BRDA:12,1,0,0
BRDA:15,2,0,0
BRDA:15,2,1,0
BRDA:18,3,0,0
BRDA:18,3,1,0
BRF:6
BRH:0
end_of_record
TN:
SF:src/features/storage/travel/travel_people/TravelPeopleList.tsx
FN:18,TravelPeopleList
FN:24,(anonymous_1)
FN:32,(anonymous_2)
FN:43,(anonymous_3)
FN:52,(anonymous_4)
FNF:5
FNH:0
FNDA:0,TravelPeopleList
FNDA:0,(anonymous_1)
FNDA:0,(anonymous_2)
FNDA:0,(anonymous_3)
FNDA:0,(anonymous_4)
DA:13,0
DA:19,0
DA:25,0
DA:33,0
DA:44,0
DA:53,0
LF:6
LH:0
BRDA:25,0,0,0
BRDA:25,0,1,0
BRDA:25,1,0,0
BRDA:25,1,1,0
BRF:4
BRH:0
end_of_record
TN:
SF:src/features/storage/travel/travel_people/TravelPeopleShow.tsx
FN:3,TravelPeopleShow
FN:12,(anonymous_1)
FN:15,(anonymous_2)
FN:25,(anonymous_3)
FN:37,(anonymous_4)
FN:47,(anonymous_5)
FNF:6
FNH:0
FNDA:0,TravelPeopleShow
FNDA:0,(anonymous_1)
FNDA:0,(anonymous_2)
FNDA:0,(anonymous_3)
FNDA:0,(anonymous_4)
FNDA:0,(anonymous_5)
DA:4,0
DA:12,0
DA:16,0
DA:26,0
DA:38,0
DA:48,0
LF:6
LH:0
BRDA:12,0,0,0
BRDA:12,0,1,0
BRDA:16,1,0,0
BRDA:16,1,1,0
BRDA:16,2,0,0
BRDA:16,2,1,0
BRF:6
BRH:0
end_of_record
TN:
SF:src/features/storage/travel/travel_people/index.tsx
FN:13,(anonymous_0)
FNF:1
FNH:0
FNDA:0,(anonymous_0)
DA:13,0
LF:1
LH:0
BRF:0
BRH:0
end_of_record
TN:
SF:src/features/storage/travel_operation/TravelOperationForm.tsx
FN:37,(anonymous_0)
FN:45,(anonymous_1)
FN:50,(anonymous_2)
FN:58,(anonymous_3)
FN:78,(anonymous_4)
FN:84,(anonymous_5)
FN:91,(anonymous_6)
FN:118,(anonymous_7)
FN:160,(anonymous_8)
FN:199,(anonymous_9)
FN:260,(anonymous_10)
FN:294,(anonymous_11)
FN:330,(anonymous_12)
FNF:13
FNH:0
FNDA:0,(anonymous_0)
FNDA:0,(anonymous_1)
FNDA:0,(anonymous_2)
FNDA:0,(anonymous_3)
FNDA:0,(anonymous_4)
FNDA:0,(anonymous_5)
FNDA:0,(anonymous_6)
FNDA:0,(anonymous_7)
FNDA:0,(anonymous_8)
FNDA:0,(anonymous_9)
FNDA:0,(anonymous_10)
FNDA:0,(anonymous_11)
FNDA:0,(anonymous_12)
DA:37,0
DA:38,0
DA:39,0
DA:40,0
DA:43,0
DA:45,0
DA:46,0
DA:47,0
DA:50,0
DA:51,0
DA:56,0
DA:58,0
DA:59,0
DA:78,0
DA:84,0
DA:91,0
DA:98,0
DA:99,0
DA:101,0
DA:102,0
DA:103,0
DA:106,0
DA:107,0
DA:117,0
DA:118,0
DA:119,0
DA:122,0
DA:123,0
DA:124,0
DA:126,0
DA:127,0
DA:131,0
DA:133,0
DA:160,0
DA:200,0
DA:260,0
DA:294,0
DA:331,0
LF:38
LH:0
BRDA:46,0,0,0
BRDA:46,0,1,0
BRDA:60,1,0,0
BRDA:60,1,1,0
BRDA:64,2,0,0
BRDA:64,2,1,0
BRDA:69,3,0,0
BRDA:69,3,1,0
BRDA:76,4,0,0
BRDA:76,4,1,0
BRDA:78,5,0,0
BRDA:78,5,1,0
BRDA:84,6,0,0
BRDA:84,6,1,0
BRDA:89,7,0,0
BRDA:89,7,1,0
BRDA:91,8,0,0
BRDA:91,8,1,0
BRDA:101,9,0,0
BRDA:101,9,1,0
BRDA:117,10,0,0
BRDA:117,10,1,0
BRDA:119,11,0,0
BRDA:119,11,1,0
BRDA:131,12,0,0
BRDA:131,12,1,0
BRDA:178,13,0,0
BRDA:178,13,1,0
BRDA:260,14,0,0
BRDA:260,14,1,0
BRDA:263,15,0,0
BRDA:263,15,1,0
BRDA:297,16,0,0
BRDA:297,16,1,0
BRDA:331,17,0,0
BRDA:331,17,1,0
BRF:36
BRH:0
end_of_record
TN:
SF:src/features/storage/warehouses/WarehouseCreate.tsx
FN:4,WarehouseCreate
FN:7,(anonymous_1)
FNF:2
FNH:0
FNDA:0,WarehouseCreate
FNDA:0,(anonymous_1)
DA:5,0
DA:7,0
LF:2
LH:0
BRF:0
BRH:0
end_of_record
TN:
SF:src/features/storage/warehouses/WarehouseEdit.tsx
FN:4,WarehouseEdit
FN:7,(anonymous_1)
FNF:2
FNH:0
FNDA:0,WarehouseEdit
FNDA:0,(anonymous_1)
DA:5,0
DA:7,0
LF:2
LH:0
BRF:0
BRH:0
end_of_record
TN:
SF:src/features/storage/warehouses/WarehouseForm.tsx
FN:8,WarehouseForm
FNF:1
FNH:0
FNDA:0,WarehouseForm
DA:9,0
LF:1
LH:0
BRDA:8,0,0,0
BRDA:8,1,0,0
BRDA:11,2,0,0
BRDA:11,2,1,0
BRDA:14,3,0,0
BRDA:14,3,1,0
BRF:6
BRH:0
end_of_record
TN:
SF:src/features/storage/warehouses/WarehouseList.tsx
FN:10,WarehouseList
FN:19,(anonymous_1)
FN:28,(anonymous_2)
FNF:3
FNH:0
FNDA:0,WarehouseList
FNDA:0,(anonymous_1)
FNDA:0,(anonymous_2)
DA:4,0
DA:11,0
DA:20,0
DA:29,0
LF:4
LH:0
BRF:0
BRH:0
end_of_record
TN:
SF:src/features/storage/warehouses/WarehouseShow.tsx
FN:3,WarehouseShow
FN:14,(anonymous_1)
FN:24,(anonymous_2)
FNF:3
FNH:0
FNDA:0,WarehouseShow
FNDA:0,(anonymous_1)
FNDA:0,(anonymous_2)
DA:4,0
DA:15,0
DA:25,0
LF:3
LH:0
BRF:0
BRH:0
end_of_record
TN:
SF:src/features/storage/warehouses/index.tsx
FN:13,(anonymous_0)
FNF:1
FNH:0
FNDA:0,(anonymous_0)
DA:13,0
LF:1
LH:0
BRF:0
BRH:0
end_of_record
TN:
SF:src/features/transversal/companies/CompanyContext.tsx
FNF:0
FNH:0
DA:5,0
LF:1
LH:0
BRF:0
BRH:0
end_of_record
TN:
SF:src/features/transversal/companies/CompanyCreate.tsx
FN:4,CompanyCreate
FNF:1
FNH:0
FNDA:0,CompanyCreate
DA:5,0
LF:1
LH:0
BRF:0
BRH:0
end_of_record
TN:
SF:src/features/transversal/companies/CompanyEdit.tsx
FN:5,CompanyEdit
FNF:1
FNH:0
FNDA:0,CompanyEdit
DA:6,0
LF:1
LH:0
BRF:0
BRH:0
end_of_record
TN:
SF:src/features/transversal/companies/CompanyForm.tsx
FN:5,CompanyForm
FNF:1
FNH:0
FNDA:0,CompanyForm
DA:6,0
LF:1
LH:0
BRDA:5,0,0,0
BRDA:5,1,0,0
BRDA:8,2,0,0
BRDA:8,2,1,0
BRDA:9,3,0,0
BRDA:9,3,1,0
BRF:6
BRH:0
end_of_record
TN:
SF:src/features/transversal/companies/CompanyList.tsx
FN:22,CompanyList
FN:42,(anonymous_1)
FN:51,(anonymous_2)
FNF:3
FNH:0
FNDA:0,CompanyList
FNDA:0,(anonymous_1)
FNDA:0,(anonymous_2)
DA:15,0
DA:23,0
DA:43,0
DA:52,0
LF:4
LH:0
BRF:0
BRH:0
end_of_record
TN:
SF:src/features/transversal/companies/CompanySelector.tsx
FN:12,(anonymous_0)
FNF:1
FNH:0
FNDA:0,(anonymous_0)
DA:12,0
DA:13,0
LF:2
LH:0
BRF:0
BRH:0
end_of_record
TN:
SF:src/features/transversal/companies/CompanyShow.tsx
FN:17,CompanyInformations
FN:36,CompanyShow
FN:40,(anonymous_2)
FN:70,(anonymous_3)
FN:80,(anonymous_4)
FNF:5
FNH:0
FNDA:0,CompanyInformations
FNDA:0,CompanyShow
FNDA:0,(anonymous_2)
FNDA:0,(anonymous_3)
FNDA:0,(anonymous_4)
DA:18,0
DA:37,0
DA:38,0
DA:40,0
DA:41,0
DA:42,0
DA:43,0
DA:46,0
DA:71,0
DA:81,0
LF:10
LH:0
BRDA:54,0,0,0
BRDA:54,0,1,0
BRDA:56,1,0,0
BRDA:56,1,1,0
BRF:4
BRH:0
end_of_record
TN:
SF:src/features/transversal/companies/index.tsx
FN:14,(anonymous_0)
FNF:1
FNH:0
FNDA:0,(anonymous_0)
DA:14,0
LF:1
LH:0
BRF:0
BRH:0
end_of_record
TN:
SF:src/features/transversal/jobs/JobContext.tsx
FNF:0
FNH:0
DA:3,0
LF:1
LH:0
BRF:0
BRH:0
end_of_record
TN:
SF:src/features/transversal/jobs/JobCreate.tsx
FN:4,JobCreate
FN:7,(anonymous_1)
FNF:2
FNH:0
FNDA:0,JobCreate
FNDA:0,(anonymous_1)
DA:5,0
DA:7,0
LF:2
LH:0
BRF:0
BRH:0
end_of_record
TN:
SF:src/features/transversal/jobs/JobEdit.tsx
FN:4,JobEdit
FN:7,(anonymous_1)
FNF:2
FNH:0
FNDA:0,JobEdit
FNDA:0,(anonymous_1)
DA:5,0
DA:7,0
LF:2
LH:0
BRF:0
BRH:0
end_of_record
TN:
SF:src/features/transversal/jobs/JobForm.tsx
FN:6,JobForm
FNF:1
FNH:0
FNDA:0,JobForm
DA:7,0
LF:1
LH:0
BRDA:6,0,0,0
BRDA:6,1,0,0
BRDA:9,2,0,0
BRDA:9,2,1,0
BRDA:12,3,0,0
BRDA:12,3,1,0
BRF:6
BRH:0
end_of_record
TN:
SF:src/features/transversal/jobs/JobList.tsx
FN:25,JobListContent
FN:28,(anonymous_1)
FN:52,(anonymous_2)
FN:61,(anonymous_3)
FN:73,JobList
FNF:5
FNH:0
FNDA:0,JobListContent
FNDA:0,(anonymous_1)
FNDA:0,(anonymous_2)
FNDA:0,(anonymous_3)
FNDA:0,JobList
DA:16,0
DA:26,0
DA:28,0
DA:29,0
DA:32,0
DA:53,0
DA:62,0
DA:74,0
DA:75,0
DA:76,0
DA:79,0
LF:11
LH:0
BRDA:75,0,0,0
BRDA:75,0,1,0
BRDA:84,1,0,0
BRDA:84,1,1,0
BRDA:81,2,0,0
BRDA:81,2,1,0
BRF:6
BRH:0
end_of_record
TN:
SF:src/features/transversal/jobs/JobSelector.tsx
FN:13,(anonymous_0)
FNF:1
FNH:0
FNDA:0,(anonymous_0)
DA:13,0
DA:14,0
DA:16,0
LF:3
LH:0
BRF:0
BRH:0
end_of_record
TN:
SF:src/features/transversal/jobs/JobShow.tsx
FN:10,JobShow
FN:34,(anonymous_1)
FN:44,(anonymous_2)
FNF:3
FNH:0
FNDA:0,JobShow
FNDA:0,(anonymous_1)
FNDA:0,(anonymous_2)
DA:11,0
DA:35,0
DA:45,0
LF:3
LH:0
BRF:0
BRH:0
end_of_record
TN:
SF:src/features/transversal/jobs/index.tsx
FN:13,(anonymous_0)
FNF:1
FNH:0
FNDA:0,(anonymous_0)
DA:13,0
LF:1
LH:0
BRF:0
BRH:0
end_of_record
TN:
SF:src/features/transversal/usersSetup/UserCreate.tsx
FN:5,UserCreate
FNF:1
FNH:0
FNDA:0,UserCreate
DA:6,0
LF:1
LH:0
BRF:0
BRH:0
end_of_record
TN:
SF:src/features/transversal/usersSetup/UserEdit.tsx
FN:5,UserEdit
FNF:1
FNH:0
FNDA:0,UserEdit
DA:6,0
LF:1
LH:0
BRF:0
BRH:0
end_of_record
TN:
SF:src/features/transversal/usersSetup/UserForm.tsx
FN:5,UserForm
FNF:1
FNH:0
FNDA:0,UserForm
DA:6,0
LF:1
LH:0
BRDA:5,0,0,0
BRDA:5,1,0,0
BRDA:8,2,0,0
BRDA:8,2,1,0
BRDA:11,3,0,0
BRDA:11,3,1,0
BRF:6
BRH:0
end_of_record
TN:
SF:src/features/transversal/usersSetup/UserList.tsx
FN:22,UserList
FNF:1
FNH:0
FNDA:0,UserList
DA:14,0
DA:23,0
LF:2
LH:0
BRF:0
BRH:0
end_of_record
TN:
SF:src/features/transversal/usersSetup/UserShow.tsx
FN:13,UserShow
FN:40,(anonymous_1)
FN:50,(anonymous_2)
FNF:3
FNH:0
FNDA:0,UserShow
FNDA:0,(anonymous_1)
FNDA:0,(anonymous_2)
DA:14,0
DA:41,0
DA:51,0
LF:3
LH:0
BRF:0
BRH:0
end_of_record
TN:
SF:src/features/transversal/usersSetup/index.tsx
FN:13,(anonymous_0)
FNF:1
FNH:0
FNDA:0,(anonymous_0)
DA:13,0
LF:1
LH:0
BRF:0
BRH:0
end_of_record
TN:
SF:src/generic/GenericContext.tsx
FN:19,(anonymous_0)
FN:22,(anonymous_1)
FN:23,(anonymous_2)
FN:27,(anonymous_3)
FN:36,(anonymous_4)
FN:48,(anonymous_5)
FNF:6
FNH:0
FNDA:0,(anonymous_0)
FNDA:0,(anonymous_1)
FNDA:0,(anonymous_2)
FNDA:0,(anonymous_3)
FNDA:0,(anonymous_4)
FNDA:0,(anonymous_5)
DA:19,0
DA:20,0
DA:22,0
DA:23,0
DA:24,0
DA:27,0
DA:28,0
DA:29,0
DA:30,0
DA:32,0
DA:36,0
DA:37,0
DA:38,0
DA:41,0
DA:48,0
DA:49,0
DA:50,0
DA:51,0
DA:53,0
DA:56,0
LF:20
LH:0
BRDA:29,0,0,0
BRDA:29,0,1,0
BRDA:29,1,0,0
BRDA:29,1,1,0
BRDA:29,1,2,0
BRDA:50,2,0,0
BRDA:50,2,1,0
BRF:7
BRH:0
end_of_record
TN:
SF:src/generic/GenericSelector.tsx
FN:34,(anonymous_0)
FN:59,(anonymous_1)
FN:69,(anonymous_2)
FN:70,(anonymous_3)
FN:117,(anonymous_4)
FN:125,(anonymous_5)
FN:167,(anonymous_6)
FN:176,(anonymous_7)
FNF:8
FNH:0
FNDA:0,(anonymous_0)
FNDA:0,(anonymous_1)
FNDA:0,(anonymous_2)
FNDA:0,(anonymous_3)
FNDA:0,(anonymous_4)
FNDA:0,(anonymous_5)
FNDA:0,(anonymous_6)
FNDA:0,(anonymous_7)
DA:34,0
DA:51,0
DA:52,0
DA:53,0
DA:54,0
DA:56,0
DA:57,0
DA:59,0
DA:60,0
DA:61,0
DA:62,0
DA:63,0
DA:66,0
DA:69,0
DA:70,0
DA:71,0
DA:72,0
DA:73,0
DA:74,0
DA:76,0
DA:77,0
DA:79,0
DA:80,0
DA:81,0
DA:88,0
DA:90,0
DA:91,0
DA:93,0
DA:94,0
DA:95,0
DA:96,0
DA:97,0
DA:100,0
DA:104,0
DA:105,0
DA:106,0
DA:107,0
DA:109,0
DA:110,0
DA:114,0
DA:117,0
DA:118,0
DA:119,0
DA:120,0
DA:121,0
DA:122,0
DA:125,0
DA:126,0
DA:127,0
DA:128,0
DA:131,0
DA:132,0
DA:136,0
DA:137,0
DA:140,0
DA:141,0
DA:144,0
DA:145,0
DA:148,0
DA:149,0
DA:150,0
DA:152,0
DA:167,0
DA:177,0
LF:64
LH:0
BRDA:40,0,0,0
BRDA:41,1,0,0
BRDA:42,2,0,0
BRDA:46,3,0,0
BRDA:47,4,0,0
BRDA:48,5,0,0
BRDA:49,6,0,0
BRDA:62,7,0,0
BRDA:62,7,1,0
BRDA:62,8,0,0
BRDA:62,8,1,0
BRDA:62,8,2,0
BRDA:66,9,0,0
BRDA:66,9,1,0
BRDA:77,10,0,0
BRDA:77,10,1,0
BRDA:79,11,0,0
BRDA:79,11,1,0
BRDA:80,12,0,0
BRDA:80,12,1,0
BRDA:88,13,0,0
BRDA:88,13,1,0
BRDA:93,14,0,0
BRDA:93,14,1,0
BRDA:93,15,0,0
BRDA:93,15,1,0
BRDA:93,15,2,0
BRDA:94,16,0,0
BRDA:94,16,1,0
BRDA:95,17,0,0
BRDA:95,17,1,0
BRDA:97,18,0,0
BRDA:97,18,1,0
BRDA:104,19,0,0
BRDA:104,19,1,0
BRDA:118,20,0,0
BRDA:118,20,1,0
BRDA:118,21,0,0
BRDA:118,21,1,0
BRDA:120,22,0,0
BRDA:120,22,1,0
BRDA:126,23,0,0
BRDA:126,23,1,0
BRDA:128,24,0,0
BRDA:128,24,1,0
BRDA:136,25,0,0
BRDA:136,25,1,0
BRDA:140,26,0,0
BRDA:140,26,1,0
BRDA:144,27,0,0
BRDA:144,27,1,0
BRDA:148,28,0,0
BRDA:148,28,1,0
BRDA:149,29,0,0
BRDA:149,29,1,0
BRDA:150,30,0,0
BRDA:150,30,1,0
BRDA:150,31,0,0
BRDA:150,31,1,0
BRDA:154,32,0,0
BRDA:154,32,1,0
BRDA:171,33,0,0
BRDA:171,33,1,0
BRF:63
BRH:0
end_of_record
TN:
SF:src/generic/ReferenceSelectWithCreate.tsx
FN:30,ReferenceSelectWithCreate
FN:49,(anonymous_1)
FN:116,(anonymous_2)
FN:122,(anonymous_3)
FN:130,(anonymous_4)
FNF:5
FNH:0
FNDA:0,ReferenceSelectWithCreate
FNDA:0,(anonymous_1)
FNDA:0,(anonymous_2)
FNDA:0,(anonymous_3)
FNDA:0,(anonymous_4)
DA:43,0
DA:44,0
DA:45,0
DA:46,0
DA:47,0
DA:49,0
DA:51,0
DA:52,0
DA:54,0
DA:55,0
DA:56,0
DA:58,0
DA:59,0
DA:60,0
DA:64,0
DA:65,0
DA:67,0
DA:68,0
DA:69,0
DA:70,0
DA:78,0
DA:79,0
DA:80,0
DA:82,0
DA:84,0
DA:85,0
DA:86,0
DA:87,0
DA:89,0
DA:93,0
DA:116,0
DA:122,0
DA:130,0
LF:33
LH:0
BRDA:36,0,0,0
BRDA:37,1,0,0
BRDA:52,2,0,0
BRDA:52,2,1,0
BRDA:54,3,0,0
BRDA:54,3,1,0
BRDA:54,4,0,0
BRDA:54,4,1,0
BRDA:69,5,0,0
BRDA:69,5,1,0
BRDA:78,6,0,0
BRDA:78,6,1,0
BRDA:80,7,0,0
BRDA:80,7,1,0
BRDA:115,8,0,0
BRDA:115,8,1,0
BRDA:125,9,0,0
BRDA:125,9,1,0
BRF:18
BRH:0
end_of_record
TN:
SF:src/generic/ResponsiveDatagrid.tsx
FN:11,(anonymous_0)
FN:23,(anonymous_1)
FN:27,(anonymous_2)
FN:34,(anonymous_3)
FNF:4
FNH:0
FNDA:0,(anonymous_0)
FNDA:0,(anonymous_1)
FNDA:0,(anonymous_2)
FNDA:0,(anonymous_3)
DA:11,0
DA:16,0
DA:17,0
DA:18,0
DA:19,0
DA:21,0
DA:23,0
DA:24,0
DA:26,0
DA:27,0
DA:28,0
DA:29,0
DA:31,0
DA:34,0
DA:35,0
DA:36,0
DA:38,0
DA:41,0
DA:42,0
DA:43,0
DA:45,0
DA:48,0
LF:22
LH:0
BRDA:24,0,0,0
BRDA:24,0,1,0
BRDA:24,1,0,0
BRDA:24,1,1,0
BRDA:28,2,0,0
BRDA:28,2,1,0
BRDA:29,3,0,0
BRDA:29,3,1,0
BRDA:35,4,0,0
BRDA:35,4,1,0
BRDA:36,5,0,0
BRDA:36,5,1,0
BRDA:41,6,0,0
BRDA:41,6,1,0
BRDA:42,7,0,0
BRDA:42,7,1,0
BRDA:43,8,0,0
BRDA:43,8,1,0
BRF:18
BRH:0
end_of_record
TN:
SF:src/generic/SelectWithCreateProvider.tsx
FN:13,(anonymous_0)
FN:18,(anonymous_1)
FN:24,(anonymous_2)
FN:29,(anonymous_3)
FN:35,(anonymous_4)
FN:46,(anonymous_5)
FN:57,(anonymous_6)
FN:68,(anonymous_7)
FN:79,(anonymous_8)
FN:90,(anonymous_9)
FNF:10
FNH:0
FNDA:0,(anonymous_0)
FNDA:0,(anonymous_1)
FNDA:0,(anonymous_2)
FNDA:0,(anonymous_3)
FNDA:0,(anonymous_4)
FNDA:0,(anonymous_5)
FNDA:0,(anonymous_6)
FNDA:0,(anonymous_7)
FNDA:0,(anonymous_8)
FNDA:0,(anonymous_9)
DA:13,0
DA:14,0
DA:18,0
DA:24,0
DA:25,0
DA:29,0
DA:35,0
DA:36,0
DA:46,0
DA:47,0
DA:57,0
DA:58,0
DA:68,0
DA:69,0
DA:79,0
DA:80,0
DA:90,0
DA:91,0
LF:18
LH:0
BRDA:15,0,0,0
BRDA:15,0,1,0
BRDA:17,1,0,0
BRDA:17,1,1,0
BRDA:18,2,0,0
BRDA:18,2,1,0
BRDA:26,3,0,0
BRDA:26,3,1,0
BRDA:28,4,0,0
BRDA:28,4,1,0
BRDA:37,5,0,0
BRDA:37,5,1,0
BRDA:39,6,0,0
BRDA:39,6,1,0
BRDA:48,7,0,0
BRDA:48,7,1,0
BRDA:50,8,0,0
BRDA:50,8,1,0
BRDA:59,9,0,0
BRDA:59,9,1,0
BRDA:61,10,0,0
BRDA:61,10,1,0
BRDA:70,11,0,0
BRDA:70,11,1,0
BRDA:72,12,0,0
BRDA:72,12,1,0
BRDA:81,13,0,0
BRDA:81,13,1,0
BRDA:83,14,0,0
BRDA:83,14,1,0
BRDA:92,15,0,0
BRDA:92,15,1,0
BRDA:94,16,0,0
BRDA:94,16,1,0
BRF:34
BRH:0
end_of_record
TN:
SF:src/style/components.ts
FNF:0
FNH:0
DA:3,0
DA:36,0
DA:63,0
DA:119,0
DA:145,0
DA:152,0
DA:167,0
LF:7
LH:0
BRF:0
BRH:0
end_of_record
TN:
SF:src/style/index.ts
FNF:0
FNH:0
LF:0
LH:0
BRF:0
BRH:0
end_of_record
TN:
SF:src/style/theme.ts
FN:36,(anonymous_0)
FNF:1
FNH:0
FNDA:0,(anonymous_0)
DA:3,0
DA:17,0
DA:37,0
DA:53,0
DA:61,0
DA:83,0
LF:6
LH:0
BRF:0
BRH:0
end_of_record
TN:
SF:src/utili/index.tsx
FNF:0
FNH:0
LF:0
LH:0
BRF:0
BRH:0
end_of_record
TN:
SF:src/utili/utils.tsx
FN:1,generateId
FN:2,(anonymous_1)
FNF:2
FNH:0
FNDA:0,generateId
FNDA:0,(anonymous_1)
DA:2,0
DA:3,0
DA:4,0
DA:5,0
LF:4
LH:0
BRDA:4,0,0,0
BRDA:4,0,1,0
BRF:2
BRH:0
end_of_record
